<?xml version="1.0" encoding="UTF-8"?>
<!-- Generated by org.testng.reporters.JUnitXMLReporter -->
<testsuite ignored="3" hostname="DESKTOP-AMAV84R" failures="1" tests="5" name="Test" time="23.069" errors="0" timestamp="2025-05-27T08:22:58 IST">
  <testcase classname="testscript.AdminUsersTest" name="adminUsersTest" time="0.347">
    <skipped/>
  </testcase> <!-- adminUsersTest -->
  <testcase classname="testscript.LoginTest" name="loginTest" time="0.373">
    <failure type="org.apache.poi.openxml4j.exceptions.NotOfficeXmlFileException" message="No valid entries or contents found, this is not a valid OOXML (Office Open XML) file">
      <![CDATA[org.apache.poi.openxml4j.exceptions.NotOfficeXmlFileException: No valid entries or contents found, this is not a valid OOXML (Office Open XML) file
at org.apache.poi.openxml4j.util.ZipArchiveThresholdInputStream.getNextEntry(ZipArchiveThresholdInputStream.java:156)
at org.apache.poi.openxml4j.util.ZipInputStreamZipEntrySource.<init>(ZipInputStreamZipEntrySource.java:94)
at org.apache.poi.openxml4j.opc.ZipPackage.<init>(ZipPackage.java:132)
at org.apache.poi.openxml4j.opc.OPCPackage.open(OPCPackage.java:319)
at org.apache.poi.ooxml.util.PackageHelper.open(PackageHelper.java:59)
at org.apache.poi.xssf.usermodel.XSSFWorkbook.<init>(XSSFWorkbook.java:290)
at org.apache.poi.xssf.usermodel.XSSFWorkbook.<init>(XSSFWorkbook.java:286)
at utilities.ExcelUtility.getStringData(ExcelUtility.java:23)
at testscript.LoginTest.loginTest(LoginTest.java:18)
at java.base/java.util.concurrent.ThreadPoolExecutor.runWorker(ThreadPoolExecutor.java:1144)
at java.base/java.util.concurrent.ThreadPoolExecutor$Worker.run(ThreadPoolExecutor.java:642)
at java.base/java.lang.Thread.run(Thread.java:1583)
Caused by: java.util.zip.ZipException: Unexpected record signature: 0XD952111D
at org.apache.commons.compress.archivers.zip.ZipArchiveInputStream.getNextZipEntry(ZipArchiveInputStream.java:296)
at org.apache.poi.openxml4j.util.ZipArchiveThresholdInputStream.getNextEntry(ZipArchiveThresholdInputStream.java:152)
... 21 more
... Removed 10 stack frames]]>
    </failure>
  </testcase> <!-- loginTest -->
  <testcase classname="testscript.ManageNewsTest" name="manageNewsmethod" time="0.678">
    <skipped/>
  </testcase> <!-- manageNewsmethod -->
  <testcase classname="testscript.ManageNewsTest" name="manageNewsmethod" time="6.204"/>
  <testcase classname="testscript.AdminUsersTest" name="adminUsersTest" time="7.898"/>
  <testcase classname="testscript.LoginTest" name="incorrectuidCorrectpwd" time="0.0">
    <ignored/>
  </testcase> <!-- incorrectuidCorrectpwd -->
  <testcase classname="testscript.LoginTest" name="correctuidIncorrectpwd" time="0.0">
    <ignored/>
  </testcase> <!-- correctuidIncorrectpwd -->
  <testcase classname="testscript.LoginTest" name="incorrectUidIncorrectPwd" time="0.0">
    <ignored/>
  </testcase> <!-- incorrectUidIncorrectPwd -->
</testsuite> <!-- Test -->
