<?xml version="1.0" encoding="UTF-8"?>
<!-- Generated by org.testng.reporters.JUnitXMLReporter -->
<testsuite ignored="0" hostname="DESKTOP-AMAV84R" failures="0" tests="12" name="EdgeTest" time="102.461" errors="0" timestamp="2025-06-09T07:29:08 IST">
  <testcase classname="testscript.AdminUsersTest" name="verifyAdminUsersTest" time="2.476"/>
  <testcase classname="testscript.ManageContactTest" name="verifyContactDetailsUpdateSuccessfullyinContactUsPage" time="4.189"/>
  <testcase classname="testscript.ManageContactTest" name="verifyUpdateButtoninContactUsPageDisplayedSuccessfully" time="1.929"/>
  <testcase classname="testscript.ManageNewsTest" name="verifyManageNewsPage" time="3.887"/>
  <testcase classname="testscript.HomeTest" name="verifyLogOutAvatarByClickOnIt" time="2.249"/>
  <testcase classname="testscript.ManageFooterTextTest" name="verifyManageFooterTextPage" time="2.073">
    <skipped/>
  </testcase> <!-- verifyManageFooterTextPage -->
  <testcase classname="testscript.ManageFooterTextTest" name="verifyManageFooterTextPage" time="2.615"/>
  <testcase classname="testscript.ManageFooterTextTest" name="verifyUpdateButtonDisplayedSuccessfully" time="1.912"/>
  <testcase classname="testscript.LoginTest" name="verifyLoginPageWithIncorrectUserNameandIncorrectPassword" time="0.907"/>
  <testcase classname="testscript.LoginTest" name="verifyLoginPageWithCorrectUserNameandCorrectPassword" time="1.061"/>
  <testcase classname="testscript.LoginTest" name="verifyLoginPageWithCorrectUserNameandIncorrectPassword" time="0.876"/>
  <testcase classname="testscript.LoginTest" name="verifyLoginPageWithIncorrectUserNameandCorrectPassword" time="0.968"/>
</testsuite> <!-- EdgeTest -->
