<?xml version="1.0" encoding="UTF-8"?>
<testng-results ignored="0" total="11" passed="11" failed="0" skipped="0">
  <reporter-output>
  </reporter-output>
  <suite started-at="2025-06-10T08:13:08 IST" name="Suite" finished-at="2025-06-10T08:14:42 IST" duration-ms="93751">
    <groups>
      <group name="regression">
        <method signature="LoginTest.verifyLoginPageWithCorrectUserNameandCorrectPassword()[pri:1, instance:testscript.LoginTest@147e2ae7]" name="verifyLoginPageWithCorrectUserNameandCorrectPassword" class="testscript.LoginTest"/>
      </group> <!-- regression -->
      <group name="smoke">
        <method signature="LoginTest.verifyLoginPageWithCorrectUserNameandIncorrectPassword()[pri:2, instance:testscript.LoginTest@147e2ae7]" name="verifyLoginPageWithCorrectUserNameandIncorrectPassword" class="testscript.LoginTest"/>
      </group> <!-- smoke -->
    </groups>
    <test started-at="2025-06-10T08:13:08 IST" name="Test" finished-at="2025-06-10T08:14:42 IST" duration-ms="93751">
      <class name="testscript.ManageNewsTest">
        <test-method is-config="true" signature="initializeBrowser(java.lang.String)[pri:0, instance:testscript.ManageNewsTest@21be3395]" started-at="2025-06-10T08:13:37 IST" name="initializeBrowser" finished-at="2025-06-10T08:13:42 IST" duration-ms="5010" status="PASS">
          <params>
            <param index="0">
              <value>
                <![CDATA[chrome]]>
              </value>
            </param>
          </params>
          <reporter-output>
          </reporter-output>
        </test-method> <!-- initializeBrowser -->
        <test-method signature="verifyTheUserIsAbleToEnter_and_Save_News_in_ManageNewsPage()[pri:0, instance:testscript.ManageNewsTest@21be3395]" started-at="2025-06-10T08:13:42 IST" name="verifyTheUserIsAbleToEnter_and_Save_News_in_ManageNewsPage" description="Enter News Informations in ManageNewsPage" finished-at="2025-06-10T08:13:45 IST" duration-ms="2943" status="PASS">
          <reporter-output>
          </reporter-output>
        </test-method> <!-- verifyTheUserIsAbleToEnter_and_Save_News_in_ManageNewsPage -->
        <test-method is-config="true" signature="quitAndClose(org.testng.ITestResult)[pri:0, instance:testscript.ManageNewsTest@21be3395]" started-at="2025-06-10T08:13:45 IST" name="quitAndClose" finished-at="2025-06-10T08:13:45 IST" duration-ms="1" status="PASS">
          <params>
            <param index="0">
              <value>
                <![CDATA[[TestResult name=verifyTheUserIsAbleToEnter_and_Save_News_in_ManageNewsPage status=SUCCESS method=ManageNewsTest.verifyTheUserIsAbleToEnter_and_Save_News_in_ManageNewsPage()[pri:0, instance:testscript.ManageNewsTest@21be3395] output={null}]]]>
              </value>
            </param>
          </params>
          <reporter-output>
          </reporter-output>
        </test-method> <!-- quitAndClose -->
      </class> <!-- testscript.ManageNewsTest -->
      <class name="testscript.ManageContactTest">
        <test-method is-config="true" signature="initializeBrowser(java.lang.String)[pri:0, instance:testscript.ManageContactTest@7d322cad]" started-at="2025-06-10T08:13:22 IST" name="initializeBrowser" finished-at="2025-06-10T08:13:26 IST" duration-ms="3902" status="PASS">
          <params>
            <param index="0">
              <value>
                <![CDATA[chrome]]>
              </value>
            </param>
          </params>
          <reporter-output>
          </reporter-output>
        </test-method> <!-- initializeBrowser -->
        <test-method signature="verifyUpdateButtoninContactUsPageDisplayedSuccessfully()[pri:0, instance:testscript.ManageContactTest@7d322cad]" started-at="2025-06-10T08:13:26 IST" name="verifyUpdateButtoninContactUsPageDisplayedSuccessfully" description="verify the update button is visible in ContactUsPage" finished-at="2025-06-10T08:13:29 IST" duration-ms="2621" status="PASS">
          <reporter-output>
          </reporter-output>
        </test-method> <!-- verifyUpdateButtoninContactUsPageDisplayedSuccessfully -->
        <test-method is-config="true" signature="quitAndClose(org.testng.ITestResult)[pri:0, instance:testscript.ManageContactTest@7d322cad]" started-at="2025-06-10T08:13:29 IST" name="quitAndClose" finished-at="2025-06-10T08:13:29 IST" duration-ms="1" status="PASS">
          <params>
            <param index="0">
              <value>
                <![CDATA[[TestResult name=verifyUpdateButtoninContactUsPageDisplayedSuccessfully status=SUCCESS method=ManageContactTest.verifyUpdateButtoninContactUsPageDisplayedSuccessfully()[pri:0, instance:testscript.ManageContactTest@7d322cad] output={null}]]]>
              </value>
            </param>
          </params>
          <reporter-output>
          </reporter-output>
        </test-method> <!-- quitAndClose -->
        <test-method is-config="true" signature="initializeBrowser(java.lang.String)[pri:0, instance:testscript.ManageContactTest@7d322cad]" started-at="2025-06-10T08:13:29 IST" name="initializeBrowser" finished-at="2025-06-10T08:13:33 IST" duration-ms="4119" status="PASS">
          <params>
            <param index="0">
              <value>
                <![CDATA[chrome]]>
              </value>
            </param>
          </params>
          <reporter-output>
          </reporter-output>
        </test-method> <!-- initializeBrowser -->
        <test-method signature="verifyUserisAbletoUpdateContactDetailsSuccessfullyinContactUsPage()[pri:0, instance:testscript.ManageContactTest@7d322cad]" started-at="2025-06-10T08:13:33 IST" name="verifyUserisAbletoUpdateContactDetailsSuccessfullyinContactUsPage" description="verify contact details update in ContactUsPage successfully" finished-at="2025-06-10T08:13:37 IST" duration-ms="4317" status="PASS">
          <reporter-output>
          </reporter-output>
        </test-method> <!-- verifyUserisAbletoUpdateContactDetailsSuccessfullyinContactUsPage -->
        <test-method is-config="true" signature="quitAndClose(org.testng.ITestResult)[pri:0, instance:testscript.ManageContactTest@7d322cad]" started-at="2025-06-10T08:13:37 IST" name="quitAndClose" finished-at="2025-06-10T08:13:37 IST" duration-ms="1" status="PASS">
          <params>
            <param index="0">
              <value>
                <![CDATA[[TestResult name=verifyUserisAbletoUpdateContactDetailsSuccessfullyinContactUsPage status=SUCCESS method=ManageContactTest.verifyUserisAbletoUpdateContactDetailsSuccessfullyinContactUsPage()[pri:0, instance:testscript.ManageContactTest@7d322cad] output={null}]]]>
              </value>
            </param>
          </params>
          <reporter-output>
          </reporter-output>
        </test-method> <!-- quitAndClose -->
      </class> <!-- testscript.ManageContactTest -->
      <class name="testscript.HomeTest">
        <test-method is-config="true" signature="initializeBrowser(java.lang.String)[pri:0, instance:testscript.HomeTest@4f49f6af]" started-at="2025-06-10T08:13:45 IST" name="initializeBrowser" finished-at="2025-06-10T08:13:50 IST" duration-ms="5345" status="PASS">
          <params>
            <param index="0">
              <value>
                <![CDATA[chrome]]>
              </value>
            </param>
          </params>
          <reporter-output>
          </reporter-output>
        </test-method> <!-- initializeBrowser -->
        <test-method signature="verify_the_User_is_able_to_LogOut_from_the_page_by_ClickOn_LogoutButton()[pri:0, instance:testscript.HomeTest@4f49f6af]" started-at="2025-06-10T08:13:50 IST" name="verify_the_User_is_able_to_LogOut_from_the_page_by_ClickOn_LogoutButton" description="verify Logout from the page successfully" finished-at="2025-06-10T08:13:56 IST" duration-ms="5625" status="PASS">
          <reporter-output>
          </reporter-output>
        </test-method> <!-- verify_the_User_is_able_to_LogOut_from_the_page_by_ClickOn_LogoutButton -->
        <test-method is-config="true" signature="quitAndClose(org.testng.ITestResult)[pri:0, instance:testscript.HomeTest@4f49f6af]" started-at="2025-06-10T08:13:56 IST" name="quitAndClose" finished-at="2025-06-10T08:13:56 IST" duration-ms="1" status="PASS">
          <params>
            <param index="0">
              <value>
                <![CDATA[[TestResult name=verify_the_User_is_able_to_LogOut_from_the_page_by_ClickOn_LogoutButton status=SUCCESS method=HomeTest.verify_the_User_is_able_to_LogOut_from_the_page_by_ClickOn_LogoutButton()[pri:0, instance:testscript.HomeTest@4f49f6af] output={null}]]]>
              </value>
            </param>
          </params>
          <reporter-output>
          </reporter-output>
        </test-method> <!-- quitAndClose -->
      </class> <!-- testscript.HomeTest -->
      <class name="testscript.ManageFooterTextTest">
        <test-method is-config="true" signature="initializeBrowser(java.lang.String)[pri:0, instance:testscript.ManageFooterTextTest@78452606]" started-at="2025-06-10T08:13:56 IST" name="initializeBrowser" finished-at="2025-06-10T08:14:03 IST" duration-ms="7425" status="PASS">
          <params>
            <param index="0">
              <value>
                <![CDATA[chrome]]>
              </value>
            </param>
          </params>
          <reporter-output>
          </reporter-output>
        </test-method> <!-- initializeBrowser -->
        <test-method signature="verifyUpdateButtonDisplayedSuccessfully_in_ManageFooterPage()[pri:0, instance:testscript.ManageFooterTextTest@78452606]" started-at="2025-06-10T08:14:03 IST" name="verifyUpdateButtonDisplayedSuccessfully_in_ManageFooterPage" description="Verify UpdateButton is displayed in ManageFooterText Page" finished-at="2025-06-10T08:14:05 IST" duration-ms="1950" status="PASS">
          <reporter-output>
          </reporter-output>
        </test-method> <!-- verifyUpdateButtonDisplayedSuccessfully_in_ManageFooterPage -->
        <test-method is-config="true" signature="quitAndClose(org.testng.ITestResult)[pri:0, instance:testscript.ManageFooterTextTest@78452606]" started-at="2025-06-10T08:14:05 IST" name="quitAndClose" finished-at="2025-06-10T08:14:05 IST" duration-ms="1" status="PASS">
          <params>
            <param index="0">
              <value>
                <![CDATA[[TestResult name=verifyUpdateButtonDisplayedSuccessfully_in_ManageFooterPage status=SUCCESS method=ManageFooterTextTest.verifyUpdateButtonDisplayedSuccessfully_in_ManageFooterPage()[pri:0, instance:testscript.ManageFooterTextTest@78452606] output={null}]]]>
              </value>
            </param>
          </params>
          <reporter-output>
          </reporter-output>
        </test-method> <!-- quitAndClose -->
        <test-method is-config="true" signature="initializeBrowser(java.lang.String)[pri:0, instance:testscript.ManageFooterTextTest@78452606]" started-at="2025-06-10T08:14:05 IST" name="initializeBrowser" finished-at="2025-06-10T08:14:11 IST" duration-ms="5542" status="PASS">
          <params>
            <param index="0">
              <value>
                <![CDATA[chrome]]>
              </value>
            </param>
          </params>
          <reporter-output>
          </reporter-output>
        </test-method> <!-- initializeBrowser -->
        <test-method signature="verify_User_Is_Able_to_Update_ManageFooterTextPage()[pri:0, instance:testscript.ManageFooterTextTest@78452606]" started-at="2025-06-10T08:14:11 IST" name="verify_User_Is_Able_to_Update_ManageFooterTextPage" description="verify FooterText Information sussessfully Update in FooterText page" finished-at="2025-06-10T08:14:17 IST" duration-ms="6079" status="PASS">
          <reporter-output>
          </reporter-output>
        </test-method> <!-- verify_User_Is_Able_to_Update_ManageFooterTextPage -->
        <test-method is-config="true" signature="quitAndClose(org.testng.ITestResult)[pri:0, instance:testscript.ManageFooterTextTest@78452606]" started-at="2025-06-10T08:14:17 IST" name="quitAndClose" finished-at="2025-06-10T08:14:17 IST" duration-ms="4" status="PASS">
          <params>
            <param index="0">
              <value>
                <![CDATA[[TestResult name=verify_User_Is_Able_to_Update_ManageFooterTextPage status=SUCCESS method=ManageFooterTextTest.verify_User_Is_Able_to_Update_ManageFooterTextPage()[pri:0, instance:testscript.ManageFooterTextTest@78452606] output={null}]]]>
              </value>
            </param>
          </params>
          <reporter-output>
          </reporter-output>
        </test-method> <!-- quitAndClose -->
      </class> <!-- testscript.ManageFooterTextTest -->
      <class name="testscript.AdminUsersTest">
        <test-method is-config="true" signature="initializeBrowser(java.lang.String)[pri:0, instance:testscript.AdminUsersTest@14bdbc74]" started-at="2025-06-10T08:13:08 IST" name="initializeBrowser" finished-at="2025-06-10T08:13:16 IST" duration-ms="7640" status="PASS">
          <params>
            <param index="0">
              <value>
                <![CDATA[chrome]]>
              </value>
            </param>
          </params>
          <reporter-output>
          </reporter-output>
        </test-method> <!-- initializeBrowser -->
        <test-method signature="verify_whether_User_is_able_to_AddAdminUsers_in_AdminUsersPage()[pri:0, instance:testscript.AdminUsersTest@14bdbc74]" started-at="2025-06-10T08:13:16 IST" name="verify_whether_User_is_able_to_AddAdminUsers_in_AdminUsersPage" description="Verifying Admin user can add new users successfully" finished-at="2025-06-10T08:13:22 IST" duration-ms="6538" status="PASS">
          <reporter-output>
          </reporter-output>
        </test-method> <!-- verify_whether_User_is_able_to_AddAdminUsers_in_AdminUsersPage -->
        <test-method is-config="true" signature="quitAndClose(org.testng.ITestResult)[pri:0, instance:testscript.AdminUsersTest@14bdbc74]" started-at="2025-06-10T08:13:22 IST" name="quitAndClose" finished-at="2025-06-10T08:13:22 IST" duration-ms="4" status="PASS">
          <params>
            <param index="0">
              <value>
                <![CDATA[[TestResult name=verify_whether_User_is_able_to_AddAdminUsers_in_AdminUsersPage status=SUCCESS method=AdminUsersTest.verify_whether_User_is_able_to_AddAdminUsers_in_AdminUsersPage()[pri:0, instance:testscript.AdminUsersTest@14bdbc74] output={null}]]]>
              </value>
            </param>
          </params>
          <reporter-output>
          </reporter-output>
        </test-method> <!-- quitAndClose -->
      </class> <!-- testscript.AdminUsersTest -->
      <class name="testscript.LoginTest">
        <test-method is-config="true" signature="initializeBrowser(java.lang.String)[pri:0, instance:testscript.LoginTest@147e2ae7]" started-at="2025-06-10T08:14:17 IST" name="initializeBrowser" finished-at="2025-06-10T08:14:21 IST" duration-ms="3723" status="PASS">
          <params>
            <param index="0">
              <value>
                <![CDATA[chrome]]>
              </value>
            </param>
          </params>
          <reporter-output>
          </reporter-output>
        </test-method> <!-- initializeBrowser -->
        <test-method signature="verifyLoginPageWithIncorrectUserNameandIncorrectPassword(java.lang.String,java.lang.String)[pri:0, instance:testscript.LoginTest@147e2ae7]" started-at="2025-06-10T08:14:21 IST" name="verifyLoginPageWithIncorrectUserNameandIncorrectPassword" description="Verifying user is able to login with invalid username and invalid password" data-provider="LoginProvider" finished-at="2025-06-10T08:14:22 IST" duration-ms="746" status="PASS">
          <params>
            <param index="0">
              <value>
                <![CDATA[Admin]]>
              </value>
            </param>
            <param index="1">
              <value>
                <![CDATA[adminAdmin]]>
              </value>
            </param>
          </params>
          <reporter-output>
          </reporter-output>
        </test-method> <!-- verifyLoginPageWithIncorrectUserNameandIncorrectPassword -->
        <test-method is-config="true" signature="quitAndClose(org.testng.ITestResult)[pri:0, instance:testscript.LoginTest@147e2ae7]" started-at="2025-06-10T08:14:22 IST" name="quitAndClose" finished-at="2025-06-10T08:14:22 IST" duration-ms="1" status="PASS">
          <params>
            <param index="0">
              <value>
                <![CDATA[[TestResult name=verifyLoginPageWithIncorrectUserNameandIncorrectPassword status=SUCCESS method=LoginTest.verifyLoginPageWithIncorrectUserNameandIncorrectPassword(java.lang.String,java.lang.String)[pri:0, instance:testscript.LoginTest@147e2ae7] output={null}]]]>
              </value>
            </param>
          </params>
          <reporter-output>
          </reporter-output>
        </test-method> <!-- quitAndClose -->
        <test-method is-config="true" signature="initializeBrowser(java.lang.String)[pri:0, instance:testscript.LoginTest@147e2ae7]" started-at="2025-06-10T08:14:22 IST" name="initializeBrowser" finished-at="2025-06-10T08:14:27 IST" duration-ms="5732" status="PASS">
          <params>
            <param index="0">
              <value>
                <![CDATA[chrome]]>
              </value>
            </param>
          </params>
          <reporter-output>
          </reporter-output>
        </test-method> <!-- initializeBrowser -->
        <test-method signature="verifyLoginPageWithCorrectUserNameandCorrectPassword()[pri:1, instance:testscript.LoginTest@147e2ae7]" started-at="2025-06-10T08:14:27 IST" name="verifyLoginPageWithCorrectUserNameandCorrectPassword" description="Verifying User is able to login with valid credentials" finished-at="2025-06-10T08:14:30 IST" duration-ms="2875" status="PASS">
          <reporter-output>
          </reporter-output>
        </test-method> <!-- verifyLoginPageWithCorrectUserNameandCorrectPassword -->
        <test-method is-config="true" signature="quitAndClose(org.testng.ITestResult)[pri:0, instance:testscript.LoginTest@147e2ae7]" started-at="2025-06-10T08:14:30 IST" name="quitAndClose" finished-at="2025-06-10T08:14:30 IST" duration-ms="1" status="PASS">
          <params>
            <param index="0">
              <value>
                <![CDATA[[TestResult name=verifyLoginPageWithCorrectUserNameandCorrectPassword status=SUCCESS method=LoginTest.verifyLoginPageWithCorrectUserNameandCorrectPassword()[pri:1, instance:testscript.LoginTest@147e2ae7] output={null}]]]>
              </value>
            </param>
          </params>
          <reporter-output>
          </reporter-output>
        </test-method> <!-- quitAndClose -->
        <test-method is-config="true" signature="initializeBrowser(java.lang.String)[pri:0, instance:testscript.LoginTest@147e2ae7]" started-at="2025-06-10T08:14:30 IST" name="initializeBrowser" finished-at="2025-06-10T08:14:35 IST" duration-ms="4700" status="PASS">
          <params>
            <param index="0">
              <value>
                <![CDATA[chrome]]>
              </value>
            </param>
          </params>
          <reporter-output>
          </reporter-output>
        </test-method> <!-- initializeBrowser -->
        <test-method signature="verifyLoginPageWithCorrectUserNameandIncorrectPassword()[pri:2, instance:testscript.LoginTest@147e2ae7]" started-at="2025-06-10T08:14:35 IST" name="verifyLoginPageWithCorrectUserNameandIncorrectPassword" description="Verifying user is able to login with valid username and invalid password" finished-at="2025-06-10T08:14:36 IST" duration-ms="937" status="PASS">
          <reporter-output>
          </reporter-output>
        </test-method> <!-- verifyLoginPageWithCorrectUserNameandIncorrectPassword -->
        <test-method is-config="true" signature="quitAndClose(org.testng.ITestResult)[pri:0, instance:testscript.LoginTest@147e2ae7]" started-at="2025-06-10T08:14:36 IST" name="quitAndClose" finished-at="2025-06-10T08:14:36 IST" duration-ms="0" status="PASS">
          <params>
            <param index="0">
              <value>
                <![CDATA[[TestResult name=verifyLoginPageWithCorrectUserNameandIncorrectPassword status=SUCCESS method=LoginTest.verifyLoginPageWithCorrectUserNameandIncorrectPassword()[pri:2, instance:testscript.LoginTest@147e2ae7] output={null}]]]>
              </value>
            </param>
          </params>
          <reporter-output>
          </reporter-output>
        </test-method> <!-- quitAndClose -->
        <test-method is-config="true" signature="initializeBrowser(java.lang.String)[pri:0, instance:testscript.LoginTest@147e2ae7]" started-at="2025-06-10T08:14:36 IST" name="initializeBrowser" finished-at="2025-06-10T08:14:40 IST" duration-ms="4130" status="PASS">
          <params>
            <param index="0">
              <value>
                <![CDATA[chrome]]>
              </value>
            </param>
          </params>
          <reporter-output>
          </reporter-output>
        </test-method> <!-- initializeBrowser -->
        <test-method signature="verifyLoginPageWithIncorrectUserNameandCorrectPassword()[pri:3, instance:testscript.LoginTest@147e2ae7]" started-at="2025-06-10T08:14:40 IST" name="verifyLoginPageWithIncorrectUserNameandCorrectPassword" description="Verifying user is able to login with invalid username and valid Password" finished-at="2025-06-10T08:14:42 IST" duration-ms="1343" status="PASS">
          <reporter-output>
          </reporter-output>
        </test-method> <!-- verifyLoginPageWithIncorrectUserNameandCorrectPassword -->
        <test-method is-config="true" signature="quitAndClose(org.testng.ITestResult)[pri:0, instance:testscript.LoginTest@147e2ae7]" started-at="2025-06-10T08:14:42 IST" name="quitAndClose" finished-at="2025-06-10T08:14:42 IST" duration-ms="1" status="PASS">
          <params>
            <param index="0">
              <value>
                <![CDATA[[TestResult name=verifyLoginPageWithIncorrectUserNameandCorrectPassword status=SUCCESS method=LoginTest.verifyLoginPageWithIncorrectUserNameandCorrectPassword()[pri:3, instance:testscript.LoginTest@147e2ae7] output={null}]]]>
              </value>
            </param>
          </params>
          <reporter-output>
          </reporter-output>
        </test-method> <!-- quitAndClose -->
      </class> <!-- testscript.LoginTest -->
    </test> <!-- Test -->
  </suite> <!-- Suite -->
</testng-results>
