<?xml version="1.0" encoding="UTF-8"?>
<testng-results ignored="0" total="1" passed="1" failed="0" skipped="0">
  <reporter-output>
  </reporter-output>
  <suite started-at="2025-06-09T07:43:11 IST" name="grouping" finished-at="2025-06-09T07:43:23 IST" duration-ms="11124">
    <groups>
      <group name="regression">
        <method signature="LoginTest.verifyLoginPageWithCorrectUserNameandCorrectPassword()[pri:1, instance:testscript.LoginTest@2f953efd]" name="verifyLoginPageWithCorrectUserNameandCorrectPassword" class="testscript.LoginTest"/>
      </group> <!-- regression -->
    </groups>
    <test started-at="2025-06-09T07:43:11 IST" name="ChromeTest" finished-at="2025-06-09T07:43:23 IST" duration-ms="11124">
      <class name="testscript.LoginTest">
        <test-method is-config="true" signature="initializeBrowser(java.lang.String)[pri:0, instance:testscript.LoginTest@2f953efd]" started-at="2025-06-09T07:43:11 IST" name="initializeBrowser" finished-at="2025-06-09T07:43:18 IST" duration-ms="6935" status="PASS">
          <params>
            <param index="0">
              <value>
                <![CDATA[chrome]]>
              </value>
            </param>
          </params>
          <reporter-output>
          </reporter-output>
        </test-method> <!-- initializeBrowser -->
        <test-method signature="verifyLoginPageWithCorrectUserNameandCorrectPassword()[pri:1, instance:testscript.LoginTest@2f953efd]" started-at="2025-06-09T07:43:18 IST" name="verifyLoginPageWithCorrectUserNameandCorrectPassword" description="Verifying User is able to login with valid credentials" finished-at="2025-06-09T07:43:23 IST" duration-ms="4098" status="PASS">
          <reporter-output>
          </reporter-output>
        </test-method> <!-- verifyLoginPageWithCorrectUserNameandCorrectPassword -->
        <test-method is-config="true" signature="quitAndClose(org.testng.ITestResult)[pri:0, instance:testscript.LoginTest@2f953efd]" started-at="2025-06-09T07:43:23 IST" name="quitAndClose" finished-at="2025-06-09T07:43:23 IST" duration-ms="2" status="PASS">
          <params>
            <param index="0">
              <value>
                <![CDATA[[TestResult name=verifyLoginPageWithCorrectUserNameandCorrectPassword status=SUCCESS method=LoginTest.verifyLoginPageWithCorrectUserNameandCorrectPassword()[pri:1, instance:testscript.LoginTest@2f953efd] output={null}]]]>
              </value>
            </param>
          </params>
          <reporter-output>
          </reporter-output>
        </test-method> <!-- quitAndClose -->
      </class> <!-- testscript.LoginTest -->
    </test> <!-- ChromeTest -->
  </suite> <!-- grouping -->
</testng-results>
