<?xml version="1.0" encoding="UTF-8"?>
<!-- Generated by org.testng.reporters.JUnitXMLReporter -->
<testsuite ignored="3" hostname="DESKTOP-AMAV84R" failures="0" tests="1" name="ChromeTest" time="9.369" errors="0" timestamp="2025-06-03T19:03:13 IST">
  <testcase classname="testscript.LoginTest" name="verifyLoginPageWithCorrectUserNameandCorrectPassword" time="3.756"/>
  <testcase classname="testscript.LoginTest" name="verifyLoginPageWithCorrectUserNameandIncorrectPassword" time="0.0">
    <ignored/>
  </testcase> <!-- verifyLoginPageWithCorrectUserNameandIncorrectPassword -->
  <testcase classname="testscript.LoginTest" name="verifyLoginPageWithIncorrectUserNameandCorrectPassword" time="0.0">
    <ignored/>
  </testcase> <!-- verifyLoginPageWithIncorrectUserNameandCorrectPassword -->
  <testcase classname="testscript.LoginTest" name="verifyLoginPageWithIncorrectUserNameandIncorrectPassword" time="0.0">
    <ignored/>
  </testcase> <!-- verifyLoginPageWithIncorrectUserNameandIncorrectPassword -->
</testsuite> <!-- ChromeTest -->
