<?xml version="1.0" encoding="UTF-8"?>
<!-- Generated by org.testng.reporters.JUnitXMLReporter -->
<testsuite ignored="0" hostname="DESKTOP-AMAV84R" failures="0" tests="11" name="Test" time="93.751" errors="0" timestamp="2025-06-10T08:14:43 IST">
  <testcase classname="testscript.AdminUsersTest" name="verify_whether_User_is_able_to_AddAdminUsers_in_AdminUsersPage" time="6.538"/>
  <testcase classname="testscript.ManageContactTest" name="verifyUpdateButtoninContactUsPageDisplayedSuccessfully" time="2.621"/>
  <testcase classname="testscript.ManageContactTest" name="verifyUserisAbletoUpdateContactDetailsSuccessfullyinContactUsPage" time="4.317"/>
  <testcase classname="testscript.ManageNewsTest" name="verifyTheUserIsAbleToEnter_and_Save_News_in_ManageNewsPage" time="2.943"/>
  <testcase classname="testscript.HomeTest" name="verify_the_User_is_able_to_LogOut_from_the_page_by_ClickOn_LogoutButton" time="5.625"/>
  <testcase classname="testscript.ManageFooterTextTest" name="verifyUpdateButtonDisplayedSuccessfully_in_ManageFooterPage" time="1.95"/>
  <testcase classname="testscript.ManageFooterTextTest" name="verify_User_Is_Able_to_Update_ManageFooterTextPage" time="6.079"/>
  <testcase classname="testscript.LoginTest" name="verifyLoginPageWithIncorrectUserNameandIncorrectPassword" time="0.746"/>
  <testcase classname="testscript.LoginTest" name="verifyLoginPageWithCorrectUserNameandCorrectPassword" time="2.875"/>
  <testcase classname="testscript.LoginTest" name="verifyLoginPageWithCorrectUserNameandIncorrectPassword" time="0.937"/>
  <testcase classname="testscript.LoginTest" name="verifyLoginPageWithIncorrectUserNameandCorrectPassword" time="1.343"/>
</testsuite> <!-- Test -->
