<?xml version="1.0" encoding="UTF-8"?>
<!-- Generated by org.testng.reporters.JUnitXMLReporter -->
<testsuite ignored="6" hostname="DESKTOP-AMAV84R" failures="0" tests="7" name="Test" time="46.898" errors="0" timestamp="2025-06-03T19:34:04 IST">
  <testcase classname="testscript.HomeTest" name="verifyLogOutAvatarByClickOnIt" time="10.721"/>
  <testcase classname="testscript.AdminUsersTest" name="adminUsersTest" time="15.541"/>
  <testcase classname="testscript.ManageNewsTest" name="manageNewsmethod" time="13.602"/>
  <testcase classname="testscript.ManageCategoryTest" name="verifyItemsEnteredInManageCategoryPageShouldBeEnteredSuccessfully" time="17.401"/>
  <testcase classname="testscript.ManageContactTest" name="verifyContactDetailsUpdateSuccessfullyinContactUsPage" time="19.201"/>
  <testcase classname="testscript.LoginTest" name="verifyLoginPageWithCorrectUserNameandCorrectPassword" time="1.937"/>
  <testcase classname="testscript.ManageFooterTextTest" name="verifyManageFooterTextPage" time="6.742"/>
  <testcase classname="testscript.ManageCategoryTest" name="verifyitemselectedForDeletesuccessfullyDeleteFromListCategories" time="0.0">
    <ignored/>
  </testcase> <!-- verifyitemselectedForDeletesuccessfullyDeleteFromListCategories -->
  <testcase classname="testscript.LoginTest" name="verifyLoginPageWithIncorrectUserNameandCorrectPassword" time="0.0">
    <ignored/>
  </testcase> <!-- verifyLoginPageWithIncorrectUserNameandCorrectPassword -->
  <testcase classname="testscript.LoginTest" name="verifyLoginPageWithIncorrectUserNameandIncorrectPassword" time="0.0">
    <ignored/>
  </testcase> <!-- verifyLoginPageWithIncorrectUserNameandIncorrectPassword -->
  <testcase classname="testscript.ManageFooterTextTest" name="verifyUpdateButtonDisplayedSuccessfully" time="0.0">
    <ignored/>
  </testcase> <!-- verifyUpdateButtonDisplayedSuccessfully -->
  <testcase classname="testscript.ManageContactTest" name="verifyUpdateButtoninContactUsPageDisplayedSuccessfully" time="0.0">
    <ignored/>
  </testcase> <!-- verifyUpdateButtoninContactUsPageDisplayedSuccessfully -->
  <testcase classname="testscript.LoginTest" name="verifyLoginPageWithCorrectUserNameandIncorrectPassword" time="0.0">
    <ignored/>
  </testcase> <!-- verifyLoginPageWithCorrectUserNameandIncorrectPassword -->
</testsuite> <!-- Test -->
