<?xml version="1.0" encoding="UTF-8"?>
<!-- Generated by org.testng.reporters.JUnitXMLReporter -->
<testsuite ignored="6" hostname="DESKTOP-AMAV84R" failures="0" tests="9" name="Test" time="49.039" errors="0" timestamp="2025-06-09T07:41:38 IST">
  <testcase classname="testscript.ManageCategoryTest" name="verifyItemsEnteredInManageCategoryPageShouldBeEnteredSuccessfully" time="1.025">
    <skipped/>
  </testcase> <!-- verifyItemsEnteredInManageCategoryPageShouldBeEnteredSuccessfully -->
  <testcase classname="testscript.HomeTest" name="verifyLogOutAvatarByClickOnIt" time="1.353">
    <skipped/>
  </testcase> <!-- verifyLogOutAvatarByClickOnIt -->
  <testcase classname="testscript.ManageFooterTextTest" name="verifyManageFooterTextPage" time="12.55"/>
  <testcase classname="testscript.AdminUsersTest" name="verifyAdminUsersTest" time="13.477"/>
  <testcase classname="testscript.ManageContactTest" name="verifyContactDetailsUpdateSuccessfullyinContactUsPage" time="14.612"/>
  <testcase classname="testscript.HomeTest" name="verifyLogOutAvatarByClickOnIt" time="5.61"/>
  <testcase classname="testscript.ManageCategoryTest" name="verifyItemsEnteredInManageCategoryPageShouldBeEnteredSuccessfully" time="11.41"/>
  <testcase classname="testscript.ManageNewsTest" name="verifyManageNewsPage" time="3.732"/>
  <testcase classname="testscript.LoginTest" name="verifyLoginPageWithCorrectUserNameandCorrectPassword" time="2.958"/>
  <testcase classname="testscript.ManageCategoryTest" name="verifyitemselectedForDeletesuccessfullyDeleteFromListCategories" time="0.0">
    <ignored/>
  </testcase> <!-- verifyitemselectedForDeletesuccessfullyDeleteFromListCategories -->
  <testcase classname="testscript.ManageFooterTextTest" name="verifyUpdateButtonDisplayedSuccessfully" time="0.0">
    <ignored/>
  </testcase> <!-- verifyUpdateButtonDisplayedSuccessfully -->
  <testcase classname="testscript.LoginTest" name="verifyLoginPageWithIncorrectUserNameandCorrectPassword" time="0.0">
    <ignored/>
  </testcase> <!-- verifyLoginPageWithIncorrectUserNameandCorrectPassword -->
  <testcase classname="testscript.LoginTest" name="verifyLoginPageWithIncorrectUserNameandIncorrectPassword" time="0.0">
    <ignored/>
  </testcase> <!-- verifyLoginPageWithIncorrectUserNameandIncorrectPassword -->
  <testcase classname="testscript.LoginTest" name="verifyLoginPageWithCorrectUserNameandIncorrectPassword" time="0.0">
    <ignored/>
  </testcase> <!-- verifyLoginPageWithCorrectUserNameandIncorrectPassword -->
  <testcase classname="testscript.ManageContactTest" name="verifyUpdateButtoninContactUsPageDisplayedSuccessfully" time="0.0">
    <ignored/>
  </testcase> <!-- verifyUpdateButtoninContactUsPageDisplayedSuccessfully -->
</testsuite> <!-- Test -->
